<?xml version="1.0" encoding="UTF-8"?>
<!-- Generated by org.testng.reporters.JUnitXMLReporter -->
<testsuite hostname="VI205077" ignored="0" name="Surefire test" tests="6" failures="0" timestamp="2021-06-22T10:47:51 IST" time="14.377" errors="0">
  <testcase name="getUserDetails" time="8.261" classname="com.spotify.oauth2.test.PlaylistTest"/>
  <testcase name="negativeTestCreatePlaylistWithExpiredToken" time="1.266" classname="com.spotify.oauth2.test.PlaylistTest"/>
  <testcase name="negativeTestCreatePlaylistWithNoBody" time="1.75" classname="com.spotify.oauth2.test.PlaylistTest"/>
  <testcase name="shouldBeAbleToCreatePlaylist" time="1.353" classname="com.spotify.oauth2.test.PlaylistTest"/>
  <testcase name="shouldBeAbleToGetAPlaylist" time="0.715" classname="com.spotify.oauth2.test.PlaylistTest"/>
  <testcase name="shouldBeAbleToUpdateAPlaylist" time="0.713" classname="com.spotify.oauth2.test.PlaylistTest"/>
</testsuite> <!-- Surefire test -->
