<?xml version="1.0" encoding="UTF-8"?>
<!-- Generated by org.testng.reporters.JUnitXMLReporter -->
<testsuite hostname="VI205077" ignored="0" name="Surefire test" tests="6" failures="0" timestamp="2021-06-21T16:28:57 IST" time="13.458" errors="0">
  <testcase name="getUserDetails" time="7.682" classname="com.spotify.oauth2.test.PlaylistTest"/>
  <testcase name="negativeTestCreatePlaylistWithExpiredToken" time="1.166" classname="com.spotify.oauth2.test.PlaylistTest"/>
  <testcase name="negativeTestCreatePlaylistWithNoBody" time="1.836" classname="com.spotify.oauth2.test.PlaylistTest"/>
  <testcase name="shouldBeAbleToCreatePlaylist" time="0.911" classname="com.spotify.oauth2.test.PlaylistTest"/>
  <testcase name="shouldBeAbleToGetAPlaylist" time="0.644" classname="com.spotify.oauth2.test.PlaylistTest"/>
  <testcase name="shouldBeAbleToUpdateAPlaylist" time="0.735" classname="com.spotify.oauth2.test.PlaylistTest"/>
</testsuite> <!-- Surefire test -->
