<?xml version="1.0" encoding="UTF-8"?>
<testng-results skipped="0" failed="0" ignored="0" total="6" passed="6">
  <reporter-output>
  </reporter-output>
  <suite name="Surefire suite" duration-ms="13458" started-at="2021-06-21T16:28:43 IST" finished-at="2021-06-21T16:28:57 IST">
    <groups>
    </groups>
    <test name="Surefire test" duration-ms="13458" started-at="2021-06-21T16:28:43 IST" finished-at="2021-06-21T16:28:57 IST">
      <class name="com.spotify.oauth2.test.PlaylistTest">
        <test-method status="PASS" signature="beforeMethod(java.lang.reflect.Method)[pri:0, instance:com.spotify.oauth2.test.PlaylistTest@3bffddff]" name="beforeMethod" is-config="true" duration-ms="40" started-at="2021-06-21T16:28:44 IST" finished-at="2021-06-21T16:28:44 IST">
          <params>
            <param index="0">
              <value>
                <![CDATA[public void com.spotify.oauth2.test.PlaylistTest.getUserDetails()]]>
              </value>
            </param>
          </params>
          <reporter-output>
          </reporter-output>
        </test-method> <!-- beforeMethod -->
        <test-method status="PASS" signature="getUserDetails()[pri:0, instance:com.spotify.oauth2.test.PlaylistTest@3bffddff]" name="getUserDetails" duration-ms="7682" started-at="2021-06-21T16:28:44 IST" description="We should be able to fetch user details" finished-at="2021-06-21T16:28:52 IST">
          <reporter-output>
          </reporter-output>
        </test-method> <!-- getUserDetails -->
        <test-method status="PASS" signature="beforeMethod(java.lang.reflect.Method)[pri:0, instance:com.spotify.oauth2.test.PlaylistTest@3bffddff]" name="beforeMethod" is-config="true" duration-ms="1" started-at="2021-06-21T16:28:52 IST" finished-at="2021-06-21T16:28:52 IST">
          <params>
            <param index="0">
              <value>
                <![CDATA[public void com.spotify.oauth2.test.PlaylistTest.negativeTestCreatePlaylistWithExpiredToken()]]>
              </value>
            </param>
          </params>
          <reporter-output>
          </reporter-output>
        </test-method> <!-- beforeMethod -->
        <test-method status="PASS" signature="negativeTestCreatePlaylistWithExpiredToken()[pri:0, instance:com.spotify.oauth2.test.PlaylistTest@3bffddff]" name="negativeTestCreatePlaylistWithExpiredToken" duration-ms="1166" started-at="2021-06-21T16:28:52 IST" description="We should not be able to create playlist with expired token" finished-at="2021-06-21T16:28:53 IST">
          <reporter-output>
          </reporter-output>
        </test-method> <!-- negativeTestCreatePlaylistWithExpiredToken -->
        <test-method status="PASS" signature="beforeMethod(java.lang.reflect.Method)[pri:0, instance:com.spotify.oauth2.test.PlaylistTest@3bffddff]" name="beforeMethod" is-config="true" duration-ms="2" started-at="2021-06-21T16:28:53 IST" finished-at="2021-06-21T16:28:53 IST">
          <params>
            <param index="0">
              <value>
                <![CDATA[public void com.spotify.oauth2.test.PlaylistTest.negativeTestCreatePlaylistWithNoBody()]]>
              </value>
            </param>
          </params>
          <reporter-output>
          </reporter-output>
        </test-method> <!-- beforeMethod -->
        <test-method status="PASS" signature="negativeTestCreatePlaylistWithNoBody()[pri:0, instance:com.spotify.oauth2.test.PlaylistTest@3bffddff]" name="negativeTestCreatePlaylistWithNoBody" duration-ms="1836" started-at="2021-06-21T16:28:53 IST" description="We should not be able to create a playlist with missing attributes" finished-at="2021-06-21T16:28:55 IST">
          <reporter-output>
          </reporter-output>
        </test-method> <!-- negativeTestCreatePlaylistWithNoBody -->
        <test-method status="PASS" signature="beforeMethod(java.lang.reflect.Method)[pri:0, instance:com.spotify.oauth2.test.PlaylistTest@3bffddff]" name="beforeMethod" is-config="true" duration-ms="1" started-at="2021-06-21T16:28:55 IST" finished-at="2021-06-21T16:28:55 IST">
          <params>
            <param index="0">
              <value>
                <![CDATA[public void com.spotify.oauth2.test.PlaylistTest.shouldBeAbleToCreatePlaylist()]]>
              </value>
            </param>
          </params>
          <reporter-output>
          </reporter-output>
        </test-method> <!-- beforeMethod -->
        <test-method status="PASS" signature="shouldBeAbleToCreatePlaylist()[pri:0, instance:com.spotify.oauth2.test.PlaylistTest@3bffddff]" name="shouldBeAbleToCreatePlaylist" duration-ms="911" started-at="2021-06-21T16:28:55 IST" description="We should be able to create playlist" finished-at="2021-06-21T16:28:56 IST">
          <reporter-output>
          </reporter-output>
        </test-method> <!-- shouldBeAbleToCreatePlaylist -->
        <test-method status="PASS" signature="beforeMethod(java.lang.reflect.Method)[pri:0, instance:com.spotify.oauth2.test.PlaylistTest@3bffddff]" name="beforeMethod" is-config="true" duration-ms="0" started-at="2021-06-21T16:28:56 IST" finished-at="2021-06-21T16:28:56 IST">
          <params>
            <param index="0">
              <value>
                <![CDATA[public void com.spotify.oauth2.test.PlaylistTest.shouldBeAbleToGetAPlaylist()]]>
              </value>
            </param>
          </params>
          <reporter-output>
          </reporter-output>
        </test-method> <!-- beforeMethod -->
        <test-method status="PASS" signature="shouldBeAbleToGetAPlaylist()[pri:0, instance:com.spotify.oauth2.test.PlaylistTest@3bffddff]" name="shouldBeAbleToGetAPlaylist" duration-ms="644" started-at="2021-06-21T16:28:56 IST" description="We should be able to get a playlist" finished-at="2021-06-21T16:28:56 IST">
          <reporter-output>
          </reporter-output>
        </test-method> <!-- shouldBeAbleToGetAPlaylist -->
        <test-method status="PASS" signature="beforeMethod(java.lang.reflect.Method)[pri:0, instance:com.spotify.oauth2.test.PlaylistTest@3bffddff]" name="beforeMethod" is-config="true" duration-ms="0" started-at="2021-06-21T16:28:56 IST" finished-at="2021-06-21T16:28:56 IST">
          <params>
            <param index="0">
              <value>
                <![CDATA[public void com.spotify.oauth2.test.PlaylistTest.shouldBeAbleToUpdateAPlaylist()]]>
              </value>
            </param>
          </params>
          <reporter-output>
          </reporter-output>
        </test-method> <!-- beforeMethod -->
        <test-method status="PASS" signature="shouldBeAbleToUpdateAPlaylist()[pri:0, instance:com.spotify.oauth2.test.PlaylistTest@3bffddff]" name="shouldBeAbleToUpdateAPlaylist" duration-ms="735" started-at="2021-06-21T16:28:56 IST" description="We should be able to update a playlist" finished-at="2021-06-21T16:28:57 IST">
          <reporter-output>
          </reporter-output>
        </test-method> <!-- shouldBeAbleToUpdateAPlaylist -->
      </class> <!-- com.spotify.oauth2.test.PlaylistTest -->
    </test> <!-- Surefire test -->
  </suite> <!-- Surefire suite -->
</testng-results>
