<?xml version="1.0" encoding="UTF-8"?>
<testsuite xmlns:xsi="http://www.w3.org/2001/XMLSchema-instance" xsi:noNamespaceSchemaLocation="https://maven.apache.org/surefire/maven-surefire-plugin/xsd/surefire-test-report-3.0.xsd" version="3.0" name="TestSuite" time="17.157" tests="6" errors="0" skipped="0" failures="0">
  <properties>
[...]
</properties>
  <testcase name="getUserDetails" classname="com.spotify.oauth2.test.PlaylistTest" time="7.834">
    <system-out><![CDATA[Starting TestgetUserDetails
Thread Id1
Inside Spec builderhttps://api.spotify.comhttps://accounts.spotify.com
Request method:	GET
Request URI:	https://api.spotify.com/v1/v1/me
Proxy:			<none>
Request params:	<none>
Query params:	<none>
Form params:	<none>
Path params:	<none>
Headers:		Accept=*/*
				Content-Type=application/json
Cookies:		<none>
Multiparts:		<none>
Body:			<none>
HTTP/1.1 401 Unauthorized
www-authenticate: Bearer realm="spotify"
access-control-allow-origin: *
access-control-allow-headers: Accept, App-Platform, Authorization, Content-Type, Origin, Retry-After, Spotify-App-Version, X-Cloud-Trace-Context, client-token, content-access-token
access-control-allow-methods: GET, POST, OPTIONS, PUT, DELETE, PATCH
access-control-allow-credentials: true
access-control-max-age: 604800
content-type: application/json
content-encoding: gzip
strict-transport-security: max-age=31536000
x-content-type-options: nosniff
date: Mon, 21 Jun 2021 10:58:49 GMT
server: envoy
Via: HTTP/2 edgeproxy, 1.1 google
Alt-Svc: clear
Transfer-Encoding: chunked

{
    "error": {
        "status": 401,
        "message": "No token provided"
    }
}
User id is : null
]]></system-out>
    <system-err><![CDATA[SLF4J: Failed to load class "org.slf4j.impl.StaticLoggerBinder".
SLF4J: Defaulting to no-operation (NOP) logger implementation
SLF4J: See http://www.slf4j.org/codes.html#StaticLoggerBinder for further details.
]]></system-err>
  </testcase>
  <testcase name="negativeTestCreatePlaylistWithExpiredToken" classname="com.spotify.oauth2.test.PlaylistTest" time="1.232">
    <system-out><![CDATA[Starting TestnegativeTestCreatePlaylistWithExpiredToken
Thread Id1
Inside Spec builderhttps://api.spotify.comhttps://accounts.spotify.com
Request method:	POST
Request URI:	https://api.spotify.com/v1/users/31ztswymwnzjxtw5ohbebplwf7zi/playlists/
Proxy:			<none>
Request params:	<none>
Query params:	<none>
Form params:	<none>
Path params:	<none>
Headers:		Accept=*/*
				Content-Type=application/json
Cookies:		<none>
Multiparts:		<none>
Body:
{
    "description": "Update desciprtion with pojo",
    "name": "Update Name with pojo",
    "public": false
}
HTTP/1.1 401 Unauthorized
www-authenticate: Bearer realm="spotify", error="invalid_token", error_description="Invalid access token"
access-control-allow-origin: *
access-control-allow-headers: Accept, App-Platform, Authorization, Content-Type, Origin, Retry-After, Spotify-App-Version, X-Cloud-Trace-Context, client-token, content-access-token
access-control-allow-methods: GET, POST, OPTIONS, PUT, DELETE, PATCH
access-control-allow-credentials: true
access-control-max-age: 604800
content-type: application/json
content-encoding: gzip
strict-transport-security: max-age=31536000
x-content-type-options: nosniff
date: Mon, 21 Jun 2021 10:58:53 GMT
server: envoy
Via: HTTP/2 edgeproxy, 1.1 google
Alt-Svc: clear
Transfer-Encoding: chunked

{
    "error": {
        "status": 401,
        "message": "Invalid access token"
    }
}
]]></system-out>
  </testcase>
  <testcase name="negativeTestCreatePlaylistWithNoBody" classname="com.spotify.oauth2.test.PlaylistTest" time="1.937">
    <system-out><![CDATA[Starting TestnegativeTestCreatePlaylistWithNoBody
Thread Id1
Inside Get Token
Generating new Token
HTTP/1.1 200 OK
date: Mon, 21 Jun 2021 10:58:54 GMT
content-type: application/json
vary: Accept-Encoding
set-cookie: __HOST-sp_fid=de5edb76-00aa-4180-a1b3-45f69657200a;Version=1;Path=/;Secure;HttpOnly;SameSite=None
set-cookie: __Host-device_id=AQAWp85LPNS6fHa1qSPQLyn-zWuYxb8-NlAwPJeku1I5wRwvMJSuuiyFErfgXf92FjmF7kaaL2D_Q0nQPqX1_th4FUvXPtvMKPI;Version=1;Path=/;Max-Age=2147483647;Secure;HttpOnly;SameSite=Lax
sp-trace-id: c5351ca7e7b03cc5
content-encoding: gzip
strict-transport-security: max-age=31536000
x-content-type-options: nosniff
server: envoy
Via: HTTP/2 edgeproxy, 1.1 google
Alt-Svc: clear
Transfer-Encoding: chunked

{
    "access_token": "BQCRQnFKAtzhLb3NcrdbygJi3xHfKW8CYUfEQ2cq4rpVn--qyAyVqLUGebjzy031kGEFcjm9WDZV8Ix54roPv3PSKeNl_yWQCVo6eQV13jmXCHRT4nvFGteSgJ9sZHzAXLusaRpxTSKbtIFwWTbqCx6lIaaTC1H8VpwKzYBFnhvpjf76kMGTUdtMc_qHKVyEa8TEo84wnxdZpDFB7uLLXRaWytkLFkViG3yg49rj8sLdFs5228lN",
    "token_type": "Bearer",
    "expires_in": 3600,
    "scope": "playlist-read-private playlist-read-collaborative playlist-modify-private playlist-modify-public"
}
Inside Spec builderhttps://api.spotify.comhttps://accounts.spotify.com
Request method:	POST
Request URI:	https://api.spotify.com/v1/users/31ztswymwnzjxtw5ohbebplwf7zi/playlists/
Proxy:			<none>
Request params:	<none>
Query params:	<none>
Form params:	<none>
Path params:	<none>
Headers:		Authorization=Bearer BQCRQnFKAtzhLb3NcrdbygJi3xHfKW8CYUfEQ2cq4rpVn--qyAyVqLUGebjzy031kGEFcjm9WDZV8Ix54roPv3PSKeNl_yWQCVo6eQV13jmXCHRT4nvFGteSgJ9sZHzAXLusaRpxTSKbtIFwWTbqCx6lIaaTC1H8VpwKzYBFnhvpjf76kMGTUdtMc_qHKVyEa8TEo84wnxdZpDFB7uLLXRaWytkLFkViG3yg49rj8sLdFs5228lN
				Accept=*/*
				Content-Type=application/json
Cookies:		<none>
Multiparts:		<none>
Body:			<none>
HTTP/1.1 400 Bad Request
content-type: application/json; charset=utf-8
cache-control: private, max-age=0
x-robots-tag: noindex, nofollow
access-control-allow-origin: *
access-control-allow-headers: Accept, App-Platform, Authorization, Content-Type, Origin, Retry-After, Spotify-App-Version, X-Cloud-Trace-Context, client-token, content-access-token
access-control-allow-methods: GET, POST, OPTIONS, PUT, DELETE, PATCH
access-control-allow-credentials: true
access-control-max-age: 604800
content-encoding: gzip
strict-transport-security: max-age=31536000
x-content-type-options: nosniff
date: Mon, 21 Jun 2021 10:58:54 GMT
server: envoy
Via: HTTP/2 edgeproxy, 1.1 google
Alt-Svc: clear
Transfer-Encoding: chunked

{
    "error": {
        "status": 400,
        "message": "Error parsing JSON."
    }
}
]]></system-out>
  </testcase>
  <testcase name="shouldBeAbleToCreatePlaylist" classname="com.spotify.oauth2.test.PlaylistTest" time="0.883">
    <system-out><![CDATA[Starting TestshouldBeAbleToCreatePlaylist
Thread Id1
Inside Get Token
Inside Spec builderhttps://api.spotify.comhttps://accounts.spotify.com
Request method:	POST
Request URI:	https://api.spotify.com/v1/users/31ztswymwnzjxtw5ohbebplwf7zi/playlists/
Proxy:			<none>
Request params:	<none>
Query params:	<none>
Form params:	<none>
Path params:	<none>
Headers:		Accept=*/*
				Content-Type=application/json
Cookies:		<none>
Multiparts:		<none>
Body:
{
    "description": "Playlist DescriptionmZ_5D,,k8_ 5,mk,l_,B -Z7c0qvy3e1 _4kX_du",
    "name": "Playlist Name : I5_ _f,1hb 0, 9j_ d9",
    "public": false
}
HTTP/1.1 201 Created
content-type: application/json; charset=utf-8
cache-control: private, max-age=0
location: https://api.spotify.com/v1/playlists/5p9aIujhOi0Y3SUYmb6uoM
x-robots-tag: noindex, nofollow
access-control-allow-origin: *
access-control-allow-headers: Accept, App-Platform, Authorization, Content-Type, Origin, Retry-After, Spotify-App-Version, X-Cloud-Trace-Context, client-token, content-access-token
access-control-allow-methods: GET, POST, OPTIONS, PUT, DELETE, PATCH
access-control-allow-credentials: true
access-control-max-age: 604800
content-encoding: gzip
strict-transport-security: max-age=31536000
x-content-type-options: nosniff
date: Mon, 21 Jun 2021 10:58:55 GMT
server: envoy
Via: HTTP/2 edgeproxy, 1.1 google
Alt-Svc: clear
Transfer-Encoding: chunked

{
    "collaborative": false,
    "description": "Playlist DescriptionmZ_5D,,k8_ 5,mk,l_,B -Z7c0qvy3e1 _4kX_du",
    "external_urls": {
        "spotify": "https://open.spotify.com/playlist/5p9aIujhOi0Y3SUYmb6uoM"
    },
    "followers": {
        "href": null,
        "total": 0
    },
    "href": "https://api.spotify.com/v1/playlists/5p9aIujhOi0Y3SUYmb6uoM",
    "id": "5p9aIujhOi0Y3SUYmb6uoM",
    "images": [
        
    ],
    "name": "Playlist Name : I5_ _f,1hb 0, 9j_ d9",
    "owner": {
        "display_name": "Pratik Thorve",
        "external_urls": {
            "spotify": "https://open.spotify.com/user/31ztswymwnzjxtw5ohbebplwf7zi"
        },
        "href": "https://api.spotify.com/v1/users/31ztswymwnzjxtw5ohbebplwf7zi",
        "id": "31ztswymwnzjxtw5ohbebplwf7zi",
        "type": "user",
        "uri": "spotify:user:31ztswymwnzjxtw5ohbebplwf7zi"
    },
    "primary_color": null,
    "public": false,
    "snapshot_id": "MSwwNTFlMDE5ZTcxMTk3OTk1ZjE5ZGVjOTRmOTI1ZThjOWYzZGE1NGVi",
    "tracks": {
        "href": "https://api.spotify.com/v1/playlists/5p9aIujhOi0Y3SUYmb6uoM/tracks",
        "items": [
            
        ],
        "limit": 100,
        "next": null,
        "offset": 0,
        "previous": null,
        "total": 0
    },
    "type": "playlist",
    "uri": "spotify:playlist:5p9aIujhOi0Y3SUYmb6uoM"
}
]]></system-out>
  </testcase>
  <testcase name="shouldBeAbleToGetAPlaylist" classname="com.spotify.oauth2.test.PlaylistTest" time="0.601">
    <system-out><![CDATA[Starting TestshouldBeAbleToGetAPlaylist
Thread Id1
Inside Get Token
Inside Spec builderhttps://api.spotify.comhttps://accounts.spotify.com
Request method:	GET
Request URI:	https://api.spotify.com/v1/users/31ztswymwnzjxtw5ohbebplwf7zi/playlists/22gaMJhJGXA2xszHeUhVmv
Proxy:			<none>
Request params:	<none>
Query params:	<none>
Form params:	<none>
Path params:	<none>
Headers:		Authorization=Bearer BQCRQnFKAtzhLb3NcrdbygJi3xHfKW8CYUfEQ2cq4rpVn--qyAyVqLUGebjzy031kGEFcjm9WDZV8Ix54roPv3PSKeNl_yWQCVo6eQV13jmXCHRT4nvFGteSgJ9sZHzAXLusaRpxTSKbtIFwWTbqCx6lIaaTC1H8VpwKzYBFnhvpjf76kMGTUdtMc_qHKVyEa8TEo84wnxdZpDFB7uLLXRaWytkLFkViG3yg49rj8sLdFs5228lN
				Accept=*/*
				Content-Type=application/json
Cookies:		<none>
Multiparts:		<none>
Body:			<none>
HTTP/1.1 200 OK
content-type: application/json; charset=utf-8
cache-control: public, max-age=0
etag: "MC-Ijk5MzNhYTNiNGJhNzA5ZmIzYTM1NDEzYTFmYjUxMzU1Ig=="
x-robots-tag: noindex, nofollow
access-control-allow-origin: *
access-control-allow-headers: Accept, App-Platform, Authorization, Content-Type, Origin, Retry-After, Spotify-App-Version, X-Cloud-Trace-Context, client-token, content-access-token
access-control-allow-methods: GET, POST, OPTIONS, PUT, DELETE, PATCH
access-control-allow-credentials: true
access-control-max-age: 604800
content-encoding: gzip
strict-transport-security: max-age=31536000
x-content-type-options: nosniff
date: Mon, 21 Jun 2021 10:58:56 GMT
server: envoy
Via: HTTP/2 edgeproxy, 1.1 google
Alt-Svc: clear
Transfer-Encoding: chunked

{
    "collaborative": false,
    "description": "Update desciprtion with pojo",
    "external_urls": {
        "spotify": "https://open.spotify.com/playlist/22gaMJhJGXA2xszHeUhVmv"
    },
    "followers": {
        "href": null,
        "total": 0
    },
    "href": "https://api.spotify.com/v1/playlists/22gaMJhJGXA2xszHeUhVmv",
    "id": "22gaMJhJGXA2xszHeUhVmv",
    "images": [
        
    ],
    "name": "Update Name with pojo",
    "owner": {
        "display_name": "Pratik Thorve",
        "external_urls": {
            "spotify": "https://open.spotify.com/user/31ztswymwnzjxtw5ohbebplwf7zi"
        },
        "href": "https://api.spotify.com/v1/users/31ztswymwnzjxtw5ohbebplwf7zi",
        "id": "31ztswymwnzjxtw5ohbebplwf7zi",
        "type": "user",
        "uri": "spotify:user:31ztswymwnzjxtw5ohbebplwf7zi"
    },
    "primary_color": null,
    "public": false,
    "snapshot_id": "NSw0MjkyNDZlOTQ0M2Y2NTZmYzcyOTBiNDYyMzE3MmRiYmU5ZDZlZmYx",
    "tracks": {
        "href": "https://api.spotify.com/v1/playlists/22gaMJhJGXA2xszHeUhVmv/tracks?offset=0&limit=100",
        "items": [
            
        ],
        "limit": 100,
        "next": null,
        "offset": 0,
        "previous": null,
        "total": 0
    },
    "type": "playlist",
    "uri": "spotify:playlist:22gaMJhJGXA2xszHeUhVmv"
}
Playlist name is : Update Name with pojo
]]></system-out>
  </testcase>
  <testcase name="shouldBeAbleToUpdateAPlaylist" classname="com.spotify.oauth2.test.PlaylistTest" time="0.872">
    <system-out><![CDATA[Starting TestshouldBeAbleToUpdateAPlaylist
Thread Id1
Inside Get Token
Inside Spec builderhttps://api.spotify.comhttps://accounts.spotify.com
Request method:	PUT
Request URI:	https://api.spotify.com/v1/users/31ztswymwnzjxtw5ohbebplwf7zi/playlists/22gaMJhJGXA2xszHeUhVmv
Proxy:			<none>
Request params:	<none>
Query params:	<none>
Form params:	<none>
Path params:	<none>
Headers:		Authorization=Bearer BQCRQnFKAtzhLb3NcrdbygJi3xHfKW8CYUfEQ2cq4rpVn--qyAyVqLUGebjzy031kGEFcjm9WDZV8Ix54roPv3PSKeNl_yWQCVo6eQV13jmXCHRT4nvFGteSgJ9sZHzAXLusaRpxTSKbtIFwWTbqCx6lIaaTC1H8VpwKzYBFnhvpjf76kMGTUdtMc_qHKVyEa8TEo84wnxdZpDFB7uLLXRaWytkLFkViG3yg49rj8sLdFs5228lN
				Accept=*/*
				Content-Type=application/json
Cookies:		<none>
Multiparts:		<none>
Body:
{
    "description": "Update desciprtion with pojo",
    "name": "Update Name with pojo",
    "public": false
}
Request method:	PUT
Request URI:	https://api.spotify.com/v1/users/31ztswymwnzjxtw5ohbebplwf7zi/playlists/22gaMJhJGXA2xszHeUhVmv
Proxy:			<none>
Request params:	<none>
Query params:	<none>
Form params:	<none>
Path params:	<none>
Headers:		Authorization=Bearer BQCRQnFKAtzhLb3NcrdbygJi3xHfKW8CYUfEQ2cq4rpVn--qyAyVqLUGebjzy031kGEFcjm9WDZV8Ix54roPv3PSKeNl_yWQCVo6eQV13jmXCHRT4nvFGteSgJ9sZHzAXLusaRpxTSKbtIFwWTbqCx6lIaaTC1H8VpwKzYBFnhvpjf76kMGTUdtMc_qHKVyEa8TEo84wnxdZpDFB7uLLXRaWytkLFkViG3yg49rj8sLdFs5228lN
				Accept=*/*
				Content-Type=application/json
Cookies:		<none>
Multiparts:		<none>
Body:
{
    "description": "Update desciprtion with pojo",
    "name": "Update Name with pojo",
    "public": false
}
HTTP/1.1 200 OK
cache-control: private, max-age=0
x-robots-tag: noindex, nofollow
access-control-allow-origin: *
access-control-allow-headers: Accept, App-Platform, Authorization, Content-Type, Origin, Retry-After, Spotify-App-Version, X-Cloud-Trace-Context, client-token, content-access-token
access-control-allow-methods: GET, POST, OPTIONS, PUT, DELETE, PATCH
access-control-allow-credentials: true
access-control-max-age: 604800
Content-Length: 0
strict-transport-security: max-age=31536000
x-content-type-options: nosniff
date: Mon, 21 Jun 2021 10:58:57 GMT
server: envoy
Via: HTTP/2 edgeproxy, 1.1 google
Alt-Svc: clear
]]></system-out>
  </testcase>
</testsuite>