<?xml version="1.0" encoding="UTF-8"?>
<testng-results skipped="0" failed="0" ignored="0" total="6" passed="6">
  <reporter-output>
  </reporter-output>
  <suite name="Surefire suite" duration-ms="14377" started-at="2021-06-22T10:47:37 IST" finished-at="2021-06-22T10:47:51 IST">
    <groups>
    </groups>
    <test name="Surefire test" duration-ms="14377" started-at="2021-06-22T10:47:37 IST" finished-at="2021-06-22T10:47:51 IST">
      <class name="com.spotify.oauth2.test.PlaylistTest">
        <test-method status="PASS" signature="beforeMethod(java.lang.reflect.Method)[pri:0, instance:com.spotify.oauth2.test.PlaylistTest@66ea1466]" name="beforeMethod" is-config="true" duration-ms="29" started-at="2021-06-22T10:47:37 IST" finished-at="2021-06-22T10:47:37 IST">
          <params>
            <param index="0">
              <value>
                <![CDATA[public void com.spotify.oauth2.test.PlaylistTest.getUserDetails()]]>
              </value>
            </param>
          </params>
          <reporter-output>
          </reporter-output>
        </test-method> <!-- beforeMethod -->
        <test-method status="PASS" signature="getUserDetails()[pri:0, instance:com.spotify.oauth2.test.PlaylistTest@66ea1466]" name="getUserDetails" duration-ms="8261" started-at="2021-06-22T10:47:37 IST" description="We should be able to fetch user details" finished-at="2021-06-22T10:47:45 IST">
          <reporter-output>
          </reporter-output>
        </test-method> <!-- getUserDetails -->
        <test-method status="PASS" signature="beforeMethod(java.lang.reflect.Method)[pri:0, instance:com.spotify.oauth2.test.PlaylistTest@66ea1466]" name="beforeMethod" is-config="true" duration-ms="1" started-at="2021-06-22T10:47:45 IST" finished-at="2021-06-22T10:47:45 IST">
          <params>
            <param index="0">
              <value>
                <![CDATA[public void com.spotify.oauth2.test.PlaylistTest.negativeTestCreatePlaylistWithExpiredToken()]]>
              </value>
            </param>
          </params>
          <reporter-output>
          </reporter-output>
        </test-method> <!-- beforeMethod -->
        <test-method status="PASS" signature="negativeTestCreatePlaylistWithExpiredToken()[pri:0, instance:com.spotify.oauth2.test.PlaylistTest@66ea1466]" name="negativeTestCreatePlaylistWithExpiredToken" duration-ms="1266" started-at="2021-06-22T10:47:45 IST" description="We should not be able to create playlist with expired token" finished-at="2021-06-22T10:47:47 IST">
          <reporter-output>
          </reporter-output>
        </test-method> <!-- negativeTestCreatePlaylistWithExpiredToken -->
        <test-method status="PASS" signature="beforeMethod(java.lang.reflect.Method)[pri:0, instance:com.spotify.oauth2.test.PlaylistTest@66ea1466]" name="beforeMethod" is-config="true" duration-ms="1" started-at="2021-06-22T10:47:47 IST" finished-at="2021-06-22T10:47:47 IST">
          <params>
            <param index="0">
              <value>
                <![CDATA[public void com.spotify.oauth2.test.PlaylistTest.negativeTestCreatePlaylistWithNoBody()]]>
              </value>
            </param>
          </params>
          <reporter-output>
          </reporter-output>
        </test-method> <!-- beforeMethod -->
        <test-method status="PASS" signature="negativeTestCreatePlaylistWithNoBody()[pri:0, instance:com.spotify.oauth2.test.PlaylistTest@66ea1466]" name="negativeTestCreatePlaylistWithNoBody" duration-ms="1750" started-at="2021-06-22T10:47:47 IST" description="We should not be able to create a playlist with missing attributes" finished-at="2021-06-22T10:47:48 IST">
          <reporter-output>
          </reporter-output>
        </test-method> <!-- negativeTestCreatePlaylistWithNoBody -->
        <test-method status="PASS" signature="beforeMethod(java.lang.reflect.Method)[pri:0, instance:com.spotify.oauth2.test.PlaylistTest@66ea1466]" name="beforeMethod" is-config="true" duration-ms="0" started-at="2021-06-22T10:47:48 IST" finished-at="2021-06-22T10:47:48 IST">
          <params>
            <param index="0">
              <value>
                <![CDATA[public void com.spotify.oauth2.test.PlaylistTest.shouldBeAbleToCreatePlaylist()]]>
              </value>
            </param>
          </params>
          <reporter-output>
          </reporter-output>
        </test-method> <!-- beforeMethod -->
        <test-method status="PASS" signature="shouldBeAbleToCreatePlaylist()[pri:0, instance:com.spotify.oauth2.test.PlaylistTest@66ea1466]" name="shouldBeAbleToCreatePlaylist" duration-ms="1353" started-at="2021-06-22T10:47:48 IST" description="We should be able to create playlist" finished-at="2021-06-22T10:47:50 IST">
          <reporter-output>
          </reporter-output>
        </test-method> <!-- shouldBeAbleToCreatePlaylist -->
        <test-method status="PASS" signature="beforeMethod(java.lang.reflect.Method)[pri:0, instance:com.spotify.oauth2.test.PlaylistTest@66ea1466]" name="beforeMethod" is-config="true" duration-ms="1" started-at="2021-06-22T10:47:50 IST" finished-at="2021-06-22T10:47:50 IST">
          <params>
            <param index="0">
              <value>
                <![CDATA[public void com.spotify.oauth2.test.PlaylistTest.shouldBeAbleToGetAPlaylist()]]>
              </value>
            </param>
          </params>
          <reporter-output>
          </reporter-output>
        </test-method> <!-- beforeMethod -->
        <test-method status="PASS" signature="shouldBeAbleToGetAPlaylist()[pri:0, instance:com.spotify.oauth2.test.PlaylistTest@66ea1466]" name="shouldBeAbleToGetAPlaylist" duration-ms="715" started-at="2021-06-22T10:47:50 IST" description="We should be able to get a playlist" finished-at="2021-06-22T10:47:50 IST">
          <reporter-output>
          </reporter-output>
        </test-method> <!-- shouldBeAbleToGetAPlaylist -->
        <test-method status="PASS" signature="beforeMethod(java.lang.reflect.Method)[pri:0, instance:com.spotify.oauth2.test.PlaylistTest@66ea1466]" name="beforeMethod" is-config="true" duration-ms="2" started-at="2021-06-22T10:47:50 IST" finished-at="2021-06-22T10:47:50 IST">
          <params>
            <param index="0">
              <value>
                <![CDATA[public void com.spotify.oauth2.test.PlaylistTest.shouldBeAbleToUpdateAPlaylist()]]>
              </value>
            </param>
          </params>
          <reporter-output>
          </reporter-output>
        </test-method> <!-- beforeMethod -->
        <test-method status="PASS" signature="shouldBeAbleToUpdateAPlaylist()[pri:0, instance:com.spotify.oauth2.test.PlaylistTest@66ea1466]" name="shouldBeAbleToUpdateAPlaylist" duration-ms="713" started-at="2021-06-22T10:47:50 IST" description="We should be able to update a playlist" finished-at="2021-06-22T10:47:51 IST">
          <reporter-output>
          </reporter-output>
        </test-method> <!-- shouldBeAbleToUpdateAPlaylist -->
      </class> <!-- com.spotify.oauth2.test.PlaylistTest -->
    </test> <!-- Surefire test -->
  </suite> <!-- Surefire suite -->
</testng-results>
